<?xml version="1.0" encoding="UTF-8"?>
<testsuite name="com.ssafy.api.BackendApplicationTests" tests="1" skipped="0" failures="0" errors="0" timestamp="2023-02-05T05:04:54" hostname="DESKTOP-DOGVPUB" time="0.123">
  <properties/>
  <testcase name="contextLoads()" classname="com.ssafy.api.BackendApplicationTests" time="0.123"/>
  <system-out><![CDATA[14:04:46.547 [Test worker] DEBUG org.springframework.test.context.BootstrapUtils - Instantiating CacheAwareContextLoaderDelegate from class [org.springframework.test.context.cache.DefaultCacheAwareContextLoaderDelegate]
14:04:46.560 [Test worker] DEBUG org.springframework.test.context.BootstrapUtils - Instantiating BootstrapContext using constructor [public org.springframework.test.context.support.DefaultBootstrapContext(java.lang.Class,org.springframework.test.context.CacheAwareContextLoaderDelegate)]
14:04:46.595 [Test worker] DEBUG org.springframework.test.context.BootstrapUtils - Instantiating TestContextBootstrapper for test class [com.ssafy.api.BackendApplicationTests] from class [org.springframework.boot.test.context.SpringBootTestContextBootstrapper]
14:04:46.610 [Test worker] INFO org.springframework.boot.test.context.SpringBootTestContextBootstrapper - Neither @ContextConfiguration nor @ContextHierarchy found for test class [com.ssafy.api.BackendApplicationTests], using SpringBootContextLoader
14:04:46.614 [Test worker] DEBUG org.springframework.test.context.support.AbstractContextLoader - Did not detect default resource location for test class [com.ssafy.api.BackendApplicationTests]: class path resource [com/ssafy/api/BackendApplicationTests-context.xml] does not exist
14:04:46.615 [Test worker] DEBUG org.springframework.test.context.support.AbstractContextLoader - Did not detect default resource location for test class [com.ssafy.api.BackendApplicationTests]: class path resource [com/ssafy/api/BackendApplicationTestsContext.groovy] does not exist
14:04:46.615 [Test worker] INFO org.springframework.test.context.support.AbstractContextLoader - Could not detect default resource locations for test class [com.ssafy.api.BackendApplicationTests]: no resource found for suffixes {-context.xml, Context.groovy}.
14:04:46.615 [Test worker] INFO org.springframework.test.context.support.AnnotationConfigContextLoaderUtils - Could not detect default configuration classes for test class [com.ssafy.api.BackendApplicationTests]: BackendApplicationTests does not declare any static, non-private, non-final, nested classes annotated with @Configuration.
14:04:46.655 [Test worker] DEBUG org.springframework.test.context.support.ActiveProfilesUtils - Could not find an 'annotation declaring class' for annotation type [org.springframework.test.context.ActiveProfiles] and class [com.ssafy.api.BackendApplicationTests]
14:04:46.705 [Test worker] DEBUG org.springframework.context.annotation.ClassPathScanningCandidateComponentProvider - Identified candidate component class: file [C:\Users\SSAFY\Project1\4nd\S08P12B207\backend\build\classes\java\main\com\ssafy\api\BackendApplication.class]
14:04:46.707 [Test worker] INFO org.springframework.boot.test.context.SpringBootTestContextBootstrapper - Found @SpringBootConfiguration com.ssafy.api.BackendApplication for test class com.ssafy.api.BackendApplicationTests
14:04:46.802 [Test worker] DEBUG org.springframework.boot.test.context.SpringBootTestContextBootstrapper - @TestExecutionListeners is not present for class [com.ssafy.api.BackendApplicationTests]: using defaults.
14:04:46.802 [Test worker] INFO org.springframework.boot.test.context.SpringBootTestContextBootstrapper - Loaded default TestExecutionListener class names from location [META-INF/spring.factories]: [org.springframework.test.context.web.ServletTestExecutionListener, org.springframework.test.context.support.DirtiesContextBeforeModesTestExecutionListener, org.springframework.test.context.event.ApplicationEventsTestExecutionListener, org.springframework.test.context.support.DependencyInjectionTestExecutionListener, org.springframework.test.context.support.DirtiesContextTestExecutionListener, org.springframework.test.context.transaction.TransactionalTestExecutionListener, org.springframework.test.context.jdbc.SqlScriptsTestExecutionListener, org.springframework.test.context.event.EventPublishingTestExecutionListener, org.springframework.boot.test.autoconfigure.restdocs.RestDocsTestExecutionListener, org.springframework.boot.test.autoconfigure.web.client.MockRestServiceServerResetTestExecutionListener, org.springframework.boot.test.autoconfigure.web.servlet.MockMvcPrintOnlyOnFailureTestExecutionListener, org.springframework.boot.test.autoconfigure.web.servlet.WebDriverTestExecutionListener, org.springframework.boot.test.autoconfigure.webservices.client.MockWebServiceServerTestExecutionListener, org.springframework.boot.test.mock.mockito.MockitoTestExecutionListener, org.springframework.boot.test.mock.mockito.ResetMocksTestExecutionListener]
14:04:46.821 [Test worker] INFO org.springframework.boot.test.context.SpringBootTestContextBootstrapper - Using TestExecutionListeners: [org.springframework.test.context.web.ServletTestExecutionListener@3e2943ab, org.springframework.test.context.support.DirtiesContextBeforeModesTestExecutionListener@70dd7e15, org.springframework.test.context.event.ApplicationEventsTestExecutionListener@4a9f80d3, org.springframework.boot.test.mock.mockito.MockitoTestExecutionListener@35beb15e, org.springframework.boot.test.autoconfigure.SpringBootDependencyInjectionTestExecutionListener@41fe9859, org.springframework.test.context.support.DirtiesContextTestExecutionListener@5ac86ba5, org.springframework.test.context.transaction.TransactionalTestExecutionListener@6c67e137, org.springframework.test.context.jdbc.SqlScriptsTestExecutionListener@2c9399a4, org.springframework.test.context.event.EventPublishingTestExecutionListener@191ae03f, org.springframework.boot.test.autoconfigure.restdocs.RestDocsTestExecutionListener@9635fa, org.springframework.boot.test.autoconfigure.web.client.MockRestServiceServerResetTestExecutionListener@53ab0286, org.springframework.boot.test.autoconfigure.web.servlet.MockMvcPrintOnlyOnFailureTestExecutionListener@63c5efee, org.springframework.boot.test.autoconfigure.web.servlet.WebDriverTestExecutionListener@2d10e0b1, org.springframework.boot.test.autoconfigure.webservices.client.MockWebServiceServerTestExecutionListener@1c98290c, org.springframework.boot.test.mock.mockito.ResetMocksTestExecutionListener@172ca72b]
14:04:46.824 [Test worker] DEBUG org.springframework.test.context.support.AbstractDirtiesContextTestExecutionListener - Before test class: context [DefaultTestContext@5b6813df testClass = BackendApplicationTests, testInstance = [null], testMethod = [null], testException = [null], mergedContextConfiguration = [WebMergedContextConfiguration@5f2606b testClass = BackendApplicationTests, locations = '{}', classes = '{class com.ssafy.api.BackendApplication}', contextInitializerClasses = '[]', activeProfiles = '{}', propertySourceLocations = '{}', propertySourceProperties = '{org.springframework.boot.test.context.SpringBootTestContextBootstrapper=true}', contextCustomizers = set[org.springframework.boot.test.autoconfigure.actuate.metrics.MetricsExportContextCustomizerFactory$DisableMetricExportContextCustomizer@142269f2, org.springframework.boot.test.autoconfigure.properties.PropertyMappingContextCustomizer@0, org.springframework.boot.test.autoconfigure.web.servlet.WebDriverContextCustomizerFactory$Customizer@12ed9db6, org.springframework.boot.test.context.filter.ExcludeFilterContextCustomizer@45fd9a4d, org.springframework.boot.test.json.DuplicateJsonObjectContextCustomizerFactory$DuplicateJsonObjectContextCustomizer@5f0e9815, org.springframework.boot.test.mock.mockito.MockitoContextCustomizer@0, org.springframework.boot.test.web.client.TestRestTemplateContextCustomizer@115667d, org.springframework.boot.test.context.SpringBootTestArgs@1, org.springframework.boot.test.context.SpringBootTestWebEnvironment@57cf54e1], resourceBasePath = 'src/main/webapp', contextLoader = 'org.springframework.boot.test.context.SpringBootContextLoader', parent = [null]], attributes = map['org.springframework.test.context.web.ServletTestExecutionListener.activateListener' -> true]], class annotated with @DirtiesContext [false] with mode [null].

  .   ____          _            __ _ _
 /\\ / ___'_ __ _ _(_)_ __  __ _ \ \ \ \
( ( )\___ | '_ | '_| | '_ \/ _` | \ \ \ \
 \\/  ___)| |_)| | | | | || (_| |  ) ) ) )
  '  |____| .__|_| |_|_| |_\__, | / / / /
 =========|_|==============|___/=/_/_/_/
 :: Spring Boot ::                (v2.5.9)

2023-02-05 14:04:47.135  INFO 3944 --- [    Test worker] com.ssafy.api.BackendApplicationTests    : Starting BackendApplicationTests using Java 19.0.1 on DESKTOP-DOGVPUB with PID 3944 (started by SSAFY in C:\Users\SSAFY\Project1\4nd\S08P12B207\backend)
2023-02-05 14:04:47.136  INFO 3944 --- [    Test worker] com.ssafy.api.BackendApplicationTests    : No active profile set, falling back to default profiles: default
2023-02-05 14:04:48.181  INFO 3944 --- [    Test worker] .s.d.r.c.RepositoryConfigurationDelegate : Multiple Spring Data modules found, entering strict repository configuration mode!
2023-02-05 14:04:48.183  INFO 3944 --- [    Test worker] .s.d.r.c.RepositoryConfigurationDelegate : Bootstrapping Spring Data JDBC repositories in DEFAULT mode.
2023-02-05 14:04:48.220  INFO 3944 --- [    Test worker] .RepositoryConfigurationExtensionSupport : Spring Data JDBC - Could not safely identify store assignment for repository candidate interface com.ssafy.api.domain.repository.AuthRefreshSaveRepository. If you want this repository to be a JDBC repository, consider annotating your entities with one of these annotations: org.springframework.data.relational.core.mapping.Table.
2023-02-05 14:04:48.223  INFO 3944 --- [    Test worker] .RepositoryConfigurationExtensionSupport : Spring Data JDBC - Could not safely identify store assignment for repository candidate interface com.ssafy.api.domain.repository.MatchingRepository. If you want this repository to be a JDBC repository, consider annotating your entities with one of these annotations: org.springframework.data.relational.core.mapping.Table.
2023-02-05 14:04:48.224  INFO 3944 --- [    Test worker] .RepositoryConfigurationExtensionSupport : Spring Data JDBC - Could not safely identify store assignment for repository candidate interface com.ssafy.api.domain.repository.ProfileRepository. If you want this repository to be a JDBC repository, consider annotating your entities with one of these annotations: org.springframework.data.relational.core.mapping.Table.
2023-02-05 14:04:48.226  INFO 3944 --- [    Test worker] .RepositoryConfigurationExtensionSupport : Spring Data JDBC - Could not safely identify store assignment for repository candidate interface com.ssafy.api.domain.repository.ReportRepository. If you want this repository to be a JDBC repository, consider annotating your entities with one of these annotations: org.springframework.data.relational.core.mapping.Table.
2023-02-05 14:04:48.227  INFO 3944 --- [    Test worker] .RepositoryConfigurationExtensionSupport : Spring Data JDBC - Could not safely identify store assignment for repository candidate interface com.ssafy.api.domain.repository.RoomRepository. If you want this repository to be a JDBC repository, consider annotating your entities with one of these annotations: org.springframework.data.relational.core.mapping.Table.
2023-02-05 14:04:48.230  INFO 3944 --- [    Test worker] .RepositoryConfigurationExtensionSupport : Spring Data JDBC - Could not safely identify store assignment for repository candidate interface com.ssafy.api.domain.repository.UserRepository. If you want this repository to be a JDBC repository, consider annotating your entities with one of these annotations: org.springframework.data.relational.core.mapping.Table.
2023-02-05 14:04:48.231  INFO 3944 --- [    Test worker] .s.d.r.c.RepositoryConfigurationDelegate : Finished Spring Data repository scanning in 43 ms. Found 0 JDBC repository interfaces.
2023-02-05 14:04:48.239  INFO 3944 --- [    Test worker] .s.d.r.c.RepositoryConfigurationDelegate : Multiple Spring Data modules found, entering strict repository configuration mode!
2023-02-05 14:04:48.240  INFO 3944 --- [    Test worker] .s.d.r.c.RepositoryConfigurationDelegate : Bootstrapping Spring Data JPA repositories in DEFAULT mode.
2023-02-05 14:04:48.297  INFO 3944 --- [    Test worker] .s.d.r.c.RepositoryConfigurationDelegate : Finished Spring Data repository scanning in 51 ms. Found 6 JPA repository interfaces.
2023-02-05 14:04:48.966  INFO 3944 --- [    Test worker] o.hibernate.jpa.internal.util.LogHelper  : HHH000204: Processing PersistenceUnitInfo [name: default]
2023-02-05 14:04:49.017  INFO 3944 --- [    Test worker] org.hibernate.Version                    : HHH000412: Hibernate ORM core version 5.4.33
2023-02-05 14:04:49.175  INFO 3944 --- [    Test worker] o.hibernate.annotations.common.Version   : HCANN000001: Hibernate Commons Annotations {5.1.2.Final}
2023-02-05 14:04:49.298  INFO 3944 --- [    Test worker] com.zaxxer.hikari.HikariDataSource       : HikariPool-1 - Starting...
2023-02-05 14:04:49.628  INFO 3944 --- [    Test worker] com.zaxxer.hikari.HikariDataSource       : HikariPool-1 - Start completed.
2023-02-05 14:04:49.659  INFO 3944 --- [    Test worker] org.hibernate.dialect.Dialect            : HHH000400: Using dialect: org.hibernate.dialect.MySQL8Dialect
Hibernate: drop table if exists auth_refresh_save
Hibernate: drop table if exists hibernate_sequence
Hibernate: drop table if exists matching
Hibernate: drop table if exists profile
Hibernate: drop table if exists report
Hibernate: drop table if exists room
Hibernate: drop table if exists suggestion
Hibernate: drop table if exists user_info
Hibernate: create table auth_refresh_save (auth_id INT UNSIGNED not null, auth_create_by varchar(255), auth_create_date datetime(6), auth_email varchar(255), auth_update_by varchar(255), auth_update_date datetime(6) not null, refresh_token varchar(255), primary key (auth_id)) engine=InnoDB
Hibernate: create table hibernate_sequence (next_val bigint) engine=InnoDB
Hibernate: insert into hibernate_sequence values ( 1 )
Hibernate: create table matching (id bigint not null, mat_create_by varchar(255), mat_create_date datetime(6), mat_email varchar(255), mat_game_type varchar(255), mat_session varchar(255), primary key (id)) engine=InnoDB
Hibernate: create table profile (id integer not null, prof_content varchar(255), prof_create_date datetime(6), prof_name varchar(255), prof_path varchar(255), prof_require integer not null, prof_update_date datetime(6) not null, primary key (id)) engine=InnoDB
Hibernate: create table report (rp_id INT UNSIGNED not null, rp_category varchar(255), rp_content varchar(255), rp_create_by varchar(255), rp_create_date datetime(6), rp_handling integer not null, rp_reported_people varchar(255), rp_reporter varchar(255), rp_update_by varchar(255), rp_update_date datetime(6) not null, primary key (rp_id)) engine=InnoDB
Hibernate: create table room (room_id INT UNSIGNED not null, room_cnt integer not null, room_create_by varchar(255), room_create_date datetime(6), room_session varchar(255), room_status varchar(255), room_type varchar(255), room_update_by varchar(255), room_update_date datetime(6) not null, primary key (room_id)) engine=InnoDB
Hibernate: create table suggestion (id integer not null, sug_content varchar(255), sug_create_by varchar(255), sug_create_date datetime(6), sug_email varchar(255), sug_name varchar(255), sug_titie varchar(255), sug_update_by varchar(255), sug_update_date datetime(6) not null, primary key (id)) engine=InnoDB
Hibernate: create table user_info (id integer not null, user_birth varchar(255), user_ch_name varchar(255), user_create_by varchar(255), user_create_date datetime(6), user_email varchar(255), user_number_of_reports integer not null, user_parent_name varchar(255), user_privacy_term varchar(255), user_pwd varchar(255), user_role integer, user_service_term varchar(255), user_sex varchar(255), user_state varchar(255), user_update_by varchar(255), user_update_date datetime(6) not null, primary key (id)) engine=InnoDB
2023-02-05 14:04:51.115  INFO 3944 --- [    Test worker] o.h.e.t.j.p.i.JtaPlatformInitiator       : HHH000490: Using JtaPlatform implementation: [org.hibernate.engine.transaction.jta.platform.internal.NoJtaPlatform]
2023-02-05 14:04:51.126  INFO 3944 --- [    Test worker] j.LocalContainerEntityManagerFactoryBean : Initialized JPA EntityManagerFactory for persistence unit 'default'
2023-02-05 14:04:51.230  WARN 3944 --- [    Test worker] JpaBaseConfiguration$JpaWebConfiguration : spring.jpa.open-in-view is enabled by default. Therefore, database queries may be performed during view rendering. Explicitly configure spring.jpa.open-in-view to disable this warning
2023-02-05 14:04:52.480  INFO 3944 --- [    Test worker] o.s.b.a.e.web.EndpointLinksResolver      : Exposing 1 endpoint(s) beneath base path '/actuator'
2023-02-05 14:04:52.690  INFO 3944 --- [    Test worker] pertySourcedRequestMappingHandlerMapping : Mapped URL path [/v2/api-docs] onto method [springfox.documentation.swagger2.web.Swagger2Controller#getDocumentation(String, HttpServletRequest)]
2023-02-05 14:04:53.070  INFO 3944 --- [    Test worker] o.s.b.a.w.s.WelcomePageHandlerMapping    : Adding welcome page: class path resource [static/index.html]
2023-02-05 14:04:53.196  WARN 3944 --- [    Test worker] ion$DefaultTemplateResolverConfiguration : Cannot find template location: classpath:/templates/ (please add some templates or check your Thymeleaf configuration)
2023-02-05 14:04:53.551  INFO 3944 --- [    Test worker] .s.s.UserDetailsServiceAutoConfiguration : 

Using generated security password: e10e9c6a-d631-43b8-991c-82eb3cd7d021

2023-02-05 14:04:53.715  INFO 3944 --- [    Test worker] o.s.s.web.DefaultSecurityFilterChain     : Will secure any request with [org.springframework.security.web.context.request.async.WebAsyncManagerIntegrationFilter@23c3f787, org.springframework.security.web.context.SecurityContextPersistenceFilter@181909f0, org.springframework.security.web.header.HeaderWriterFilter@344db28d, org.springframework.web.filter.CorsFilter@3c82bcbd, org.springframework.security.web.authentication.logout.LogoutFilter@30741e9b, com.ssafy.api.util.jwt.JwtAuthenticationFilter@776ae580, org.springframework.security.web.savedrequest.RequestCacheAwareFilter@6e1d63ec, org.springframework.security.web.servletapi.SecurityContextHolderAwareRequestFilter@5c902a83, org.springframework.security.web.authentication.AnonymousAuthenticationFilter@6b0bcea5, org.springframework.security.web.session.SessionManagementFilter@7dc6ce7d, org.springframework.security.web.access.ExceptionTranslationFilter@297c0311, org.springframework.security.web.access.intercept.FilterSecurityInterceptor@70d4c4ff]
2023-02-05 14:04:53.786  INFO 3944 --- [    Test worker] d.s.w.p.DocumentationPluginsBootstrapper : Context refreshed
2023-02-05 14:04:53.808  INFO 3944 --- [    Test worker] d.s.w.p.DocumentationPluginsBootstrapper : Found 2 custom documentation plugin(s)
2023-02-05 14:04:53.836  INFO 3944 --- [    Test worker] s.d.s.w.s.ApiListingReferenceScanner     : Scanning for api listing references
2023-02-05 14:04:53.982  INFO 3944 --- [    Test worker] s.d.s.w.s.ApiListingReferenceScanner     : Scanning for api listing references
2023-02-05 14:04:53.993  INFO 3944 --- [    Test worker] com.ssafy.api.BackendApplicationTests    : Started BackendApplicationTests in 7.13 seconds (JVM running for 8.23)
]]></system-out>
  <system-err><![CDATA[]]></system-err>
</testsuite>
